<?xml version="1.0" encoding="UTF-8"?>
<!-- Generated by org.testng.reporters.JUnitReportReporter -->
<testsuite hostname="WIN7-PC61" name="com.ProjectName.ModuleName.testCases.LoginToApp" tests="7" failures="0" timestamp="10 Sep 2019 18:41:57 GMT" time="116.855" errors="0">
  <testcase name="login" time="17.102" classname="com.ProjectName.ModuleName.testCases.LoginToApp"/>
  <testcase name="login" time="17.249" classname="com.ProjectName.ModuleName.testCases.LoginToApp"/>
  <testcase name="login" time="18.016" classname="com.ProjectName.ModuleName.testCases.LoginToApp"/>
  <testcase name="login" time="19.307" classname="com.ProjectName.ModuleName.testCases.LoginToApp"/>
  <testcase name="login" time="14.419" classname="com.ProjectName.ModuleName.testCases.LoginToApp"/>
  <testcase name="login" time="14.504" classname="com.ProjectName.ModuleName.testCases.LoginToApp"/>
  <testcase name="login" time="16.258" classname="com.ProjectName.ModuleName.testCases.LoginToApp"/>
</testsuite> <!-- com.ProjectName.ModuleName.testCases.LoginToApp -->
